<?xml version="1.0" encoding="UTF-8"?>
<!-- Generated by org.testng.reporters.JUnitReportReporter -->
<testsuite hostname="192.168.1.2" failures="0" tests="4" name="runners.RunCuke" time="69.150" errors="0" timestamp="10 Oct 2020 17:57:20 GMT">
  <testcase classname="runners.RunCuke" name="feature" time="17.357"/>
  <testcase classname="runners.RunCuke" name="feature" time="23.936"/>
  <testcase classname="runners.RunCuke" name="feature" time="9.186"/>
  <testcase classname="runners.RunCuke" name="feature" time="18.671"/>
</testsuite> <!-- runners.RunCuke -->
